{"/Users/aendrew/Sites/github/github.js":{"path":"/Users/aendrew/Sites/github/github.js","s":{"1":1,"2":1,"3":1,"4":1,"5":1,"6":1,"7":0,"8":1,"9":0,"10":1,"11":1,"12":1,"13":1,"14":21,"15":21,"16":21,"17":21,"18":21,"19":21,"20":81,"21":21,"22":19,"23":2,"24":21,"25":20,"26":20,"27":1,"28":21,"29":21,"30":21,"31":21,"32":21,"33":7,"34":14,"35":21,"36":0,"37":1,"38":2,"39":2,"40":2,"41":2,"42":0,"43":2,"44":2,"45":2,"46":2,"47":0,"48":2,"49":2,"50":0,"51":0,"52":5,"53":3,"54":0,"55":0,"56":3,"57":1,"58":1,"59":3,"60":1,"61":1,"62":3,"63":1,"64":1,"65":3,"66":2,"67":2,"68":2,"69":3,"70":1,"71":1,"72":3,"73":1,"74":1,"75":3,"76":1,"77":1,"78":3,"79":1,"80":1,"81":3,"82":1,"83":1,"84":3,"85":1,"86":5,"87":4,"88":4,"89":4,"90":4,"91":4,"92":4,"93":0,"94":1,"95":0,"96":0,"97":0,"98":0,"99":0,"100":0,"101":4,"102":0,"103":0,"104":0,"105":0,"106":4,"107":0,"108":4,"109":0,"110":4,"111":0,"112":4,"113":1,"114":4,"115":0,"116":0,"117":0,"118":0,"119":4,"120":0,"121":0,"122":0,"123":0,"124":4,"125":0,"126":0,"127":0,"128":0,"129":4,"130":0,"131":0,"132":0,"133":0,"134":4,"135":1,"136":1,"137":0,"138":1,"139":1,"140":4,"141":0,"142":4,"143":1,"144":1,"145":0,"146":1,"147":4,"148":1,"149":0,"150":1,"151":1,"152":1,"153":0,"154":4,"155":0,"156":0,"157":0,"158":0,"159":4,"160":0,"161":0,"162":0,"163":0,"164":0,"165":0,"166":0,"167":4,"168":0,"169":0,"170":0,"171":0,"172":0,"173":4,"174":0,"175":0,"176":0,"177":0,"178":4,"179":1,"180":1,"181":1,"182":0,"183":1,"184":1,"185":1,"186":1,"187":0,"188":0,"189":4,"190":0,"191":0,"192":4,"193":1,"194":4,"195":1,"196":4,"197":1,"198":4,"199":0,"200":0,"201":0,"202":0,"203":0,"204":0,"205":0,"206":0,"207":4,"208":0,"209":4,"210":0,"211":4,"212":0,"213":4,"214":0,"215":4,"216":0,"217":4,"218":0,"219":4,"220":1,"221":1,"222":0,"223":1,"224":0,"225":1,"226":4,"227":0,"228":0,"229":0,"230":0,"231":4,"232":0,"233":0,"234":0,"235":0,"236":0,"237":0,"238":0,"239":0,"240":0,"241":4,"242":0,"243":0,"244":0,"245":0,"246":0,"247":0,"248":0,"249":0,"250":0,"251":0,"252":0,"253":4,"254":1,"255":1,"256":0,"257":1,"258":4,"259":0,"260":0,"261":0,"262":0,"263":0,"264":0,"265":0,"266":0,"267":0,"268":0,"269":0,"270":0,"271":0,"272":0,"273":0,"274":0,"275":0,"276":0,"277":0,"278":0,"279":0,"280":0,"281":0,"282":0,"283":5,"284":0,"285":0,"286":0,"287":0,"288":0,"289":0,"290":0,"291":0,"292":0,"293":0,"294":0,"295":0,"296":0,"297":0,"298":0,"299":0,"300":0,"301":0,"302":0,"303":0,"304":0,"305":0,"306":0,"307":0,"308":0,"309":5,"310":0,"311":0,"312":0,"313":0,"314":0,"315":0,"316":5,"317":0,"318":5,"319":4,"320":5,"321":2,"322":5,"323":0,"324":1,"325":1,"326":0},"b":{"1":[1,0],"2":[0,1],"3":[1,0],"4":[0,21],"5":[2,19],"6":[21,0],"7":[21,60],"8":[19,2],"9":[21,21,2],"10":[1,18],"11":[15,3],"12":[20,1],"13":[21,0],"14":[21,21,21],"15":[0,21],"16":[7,14],"17":[0,21],"18":[0,2],"19":[2,2],"20":[0,2],"21":[0,0],"22":[2,0],"23":[1,1],"24":[0,0],"25":[0,0],"26":[0,0],"27":[0,0],"28":[0,0],"29":[0,0],"30":[0,0],"31":[0,0],"32":[0,1],"33":[0,1],"34":[0,1],"35":[1,1],"36":[1,0],"37":[0,0],"38":[0,0],"39":[0,0],"40":[0,0],"41":[0,0],"42":[0,1],"43":[1,0],"44":[0,0],"45":[0,0],"46":[0,0],"47":[0,0],"48":[0,1],"49":[1,0],"50":[0,1],"51":[0,0],"52":[0,0],"53":[0,0],"54":[0,0],"55":[0,1],"56":[1,1],"57":[0,0],"58":[0,0],"59":[0,0],"60":[0,0],"61":[0,0],"62":[0,0],"63":[0,0],"64":[0,0],"65":[0,0],"66":[0,0],"67":[1,0]},"f":{"1":1,"2":5,"3":21,"4":21,"5":81,"6":2,"7":2,"8":2,"9":2,"10":3,"11":0,"12":0,"13":1,"14":1,"15":1,"16":1,"17":1,"18":1,"19":2,"20":2,"21":1,"22":1,"23":1,"24":1,"25":1,"26":1,"27":1,"28":1,"29":1,"30":1,"31":1,"32":4,"33":0,"34":0,"35":0,"36":0,"37":0,"38":0,"39":0,"40":0,"41":1,"42":0,"43":0,"44":0,"45":0,"46":0,"47":0,"48":0,"49":0,"50":1,"51":1,"52":1,"53":0,"54":1,"55":1,"56":1,"57":1,"58":0,"59":0,"60":0,"61":0,"62":0,"63":0,"64":0,"65":0,"66":1,"67":1,"68":1,"69":0,"70":0,"71":1,"72":1,"73":1,"74":0,"75":0,"76":0,"77":0,"78":0,"79":0,"80":0,"81":0,"82":1,"83":1,"84":0,"85":0,"86":0,"87":0,"88":0,"89":0,"90":0,"91":0,"92":0,"93":0,"94":0,"95":1,"96":1,"97":0,"98":0,"99":0,"100":0,"101":0,"102":0,"103":0,"104":0,"105":0,"106":0,"107":0,"108":0,"109":0,"110":0,"111":0,"112":0,"113":0,"114":0,"115":0,"116":0,"117":4,"118":2,"119":0},"fnMap":{"1":{"name":"(anonymous_1)","line":13,"loc":{"start":{"line":13,"column":1},"end":{"line":13,"column":12}}},"2":{"name":"(anonymous_2)","line":34,"loc":{"start":{"line":34,"column":15},"end":{"line":34,"column":33}}},"3":{"name":"_request","line":41,"loc":{"start":{"line":41,"column":4},"end":{"line":41,"column":57}}},"4":{"name":"getURL","line":42,"loc":{"start":{"line":42,"column":6},"end":{"line":42,"column":24}}},"5":{"name":"(anonymous_5)","line":52,"loc":{"start":{"line":52,"column":33},"end":{"line":52,"column":45}}},"6":{"name":"_requestAllPages","line":82,"loc":{"start":{"line":82,"column":4},"end":{"line":82,"column":40}}},"7":{"name":"iterate","line":84,"loc":{"start":{"line":84,"column":7},"end":{"line":84,"column":26}}},"8":{"name":"(anonymous_8)","line":85,"loc":{"start":{"line":85,"column":36},"end":{"line":85,"column":60}}},"9":{"name":"(anonymous_9)","line":93,"loc":{"start":{"line":93,"column":35},"end":{"line":93,"column":50}}},"10":{"name":"(anonymous_10)","line":113,"loc":{"start":{"line":113,"column":18},"end":{"line":113,"column":29}}},"11":{"name":"(anonymous_11)","line":114,"loc":{"start":{"line":114,"column":19},"end":{"line":114,"column":32}}},"12":{"name":"(anonymous_12)","line":116,"loc":{"start":{"line":116,"column":76},"end":{"line":116,"column":95}}},"13":{"name":"(anonymous_13)","line":124,"loc":{"start":{"line":124,"column":18},"end":{"line":124,"column":31}}},"14":{"name":"(anonymous_14)","line":125,"loc":{"start":{"line":125,"column":44},"end":{"line":125,"column":63}}},"15":{"name":"(anonymous_15)","line":133,"loc":{"start":{"line":133,"column":19},"end":{"line":133,"column":32}}},"16":{"name":"(anonymous_16)","line":134,"loc":{"start":{"line":134,"column":40},"end":{"line":134,"column":59}}},"17":{"name":"(anonymous_17)","line":142,"loc":{"start":{"line":142,"column":27},"end":{"line":142,"column":40}}},"18":{"name":"(anonymous_18)","line":143,"loc":{"start":{"line":143,"column":48},"end":{"line":143,"column":67}}},"19":{"name":"(anonymous_19)","line":151,"loc":{"start":{"line":151,"column":18},"end":{"line":151,"column":41}}},"20":{"name":"(anonymous_20)","line":154,"loc":{"start":{"line":154,"column":39},"end":{"line":154,"column":58}}},"21":{"name":"(anonymous_21)","line":162,"loc":{"start":{"line":162,"column":23},"end":{"line":162,"column":46}}},"22":{"name":"(anonymous_22)","line":164,"loc":{"start":{"line":164,"column":90},"end":{"line":164,"column":109}}},"23":{"name":"(anonymous_23)","line":172,"loc":{"start":{"line":172,"column":23},"end":{"line":172,"column":46}}},"24":{"name":"(anonymous_24)","line":173,"loc":{"start":{"line":173,"column":59},"end":{"line":173,"column":78}}},"25":{"name":"(anonymous_25)","line":181,"loc":{"start":{"line":181,"column":22},"end":{"line":181,"column":44}}},"26":{"name":"(anonymous_26)","line":183,"loc":{"start":{"line":183,"column":104},"end":{"line":183,"column":123}}},"27":{"name":"(anonymous_27)","line":191,"loc":{"start":{"line":191,"column":20},"end":{"line":191,"column":43}}},"28":{"name":"(anonymous_28)","line":192,"loc":{"start":{"line":192,"column":59},"end":{"line":192,"column":78}}},"29":{"name":"(anonymous_29)","line":200,"loc":{"start":{"line":200,"column":22},"end":{"line":200,"column":45}}},"30":{"name":"(anonymous_30)","line":201,"loc":{"start":{"line":201,"column":62},"end":{"line":201,"column":81}}},"31":{"name":"(anonymous_31)","line":208,"loc":{"start":{"line":208,"column":24},"end":{"line":208,"column":46}}},"32":{"name":"(anonymous_32)","line":217,"loc":{"start":{"line":217,"column":24},"end":{"line":217,"column":42}}},"33":{"name":"(anonymous_33)","line":233,"loc":{"start":{"line":233,"column":24},"end":{"line":233,"column":37}}},"34":{"name":"updateTree","line":240,"loc":{"start":{"line":240,"column":6},"end":{"line":240,"column":38}}},"35":{"name":"(anonymous_35)","line":242,"loc":{"start":{"line":242,"column":37},"end":{"line":242,"column":56}}},"36":{"name":"(anonymous_36)","line":252,"loc":{"start":{"line":252,"column":20},"end":{"line":252,"column":38}}},"37":{"name":"(anonymous_37)","line":253,"loc":{"start":{"line":253,"column":61},"end":{"line":253,"column":80}}},"38":{"name":"(anonymous_38)","line":267,"loc":{"start":{"line":267,"column":23},"end":{"line":267,"column":45}}},"39":{"name":"(anonymous_39)","line":277,"loc":{"start":{"line":277,"column":23},"end":{"line":277,"column":41}}},"40":{"name":"(anonymous_40)","line":284,"loc":{"start":{"line":284,"column":24},"end":{"line":284,"column":46}}},"41":{"name":"(anonymous_41)","line":291,"loc":{"start":{"line":291,"column":24},"end":{"line":291,"column":37}}},"42":{"name":"(anonymous_42)","line":298,"loc":{"start":{"line":298,"column":22},"end":{"line":298,"column":35}}},"43":{"name":"(anonymous_43)","line":299,"loc":{"start":{"line":299,"column":50},"end":{"line":299,"column":70}}},"44":{"name":"(anonymous_44)","line":308,"loc":{"start":{"line":308,"column":23},"end":{"line":308,"column":43}}},"45":{"name":"(anonymous_45)","line":309,"loc":{"start":{"line":309,"column":86},"end":{"line":309,"column":107}}},"46":{"name":"(anonymous_46)","line":318,"loc":{"start":{"line":318,"column":21},"end":{"line":318,"column":42}}},"47":{"name":"(anonymous_47)","line":319,"loc":{"start":{"line":319,"column":61},"end":{"line":319,"column":81}}},"48":{"name":"(anonymous_48)","line":328,"loc":{"start":{"line":328,"column":21},"end":{"line":328,"column":46}}},"49":{"name":"(anonymous_49)","line":329,"loc":{"start":{"line":329,"column":76},"end":{"line":329,"column":96}}},"50":{"name":"(anonymous_50)","line":338,"loc":{"start":{"line":338,"column":26},"end":{"line":338,"column":39}}},"51":{"name":"(anonymous_51)","line":339,"loc":{"start":{"line":339,"column":60},"end":{"line":339,"column":81}}},"52":{"name":"(anonymous_52)","line":341,"loc":{"start":{"line":341,"column":32},"end":{"line":341,"column":47}}},"53":{"name":"(anonymous_53)","line":348,"loc":{"start":{"line":348,"column":21},"end":{"line":348,"column":39}}},"54":{"name":"(anonymous_54)","line":355,"loc":{"start":{"line":355,"column":23},"end":{"line":355,"column":49}}},"55":{"name":"(anonymous_55)","line":356,"loc":{"start":{"line":356,"column":62},"end":{"line":356,"column":84}}},"56":{"name":"(anonymous_56)","line":365,"loc":{"start":{"line":365,"column":20},"end":{"line":365,"column":47}}},"57":{"name":"(anonymous_57)","line":367,"loc":{"start":{"line":367,"column":69},"end":{"line":367,"column":96}}},"58":{"name":"(anonymous_58)","line":376,"loc":{"start":{"line":376,"column":21},"end":{"line":376,"column":40}}},"59":{"name":"(anonymous_59)","line":377,"loc":{"start":{"line":377,"column":61},"end":{"line":377,"column":80}}},"60":{"name":"(anonymous_60)","line":386,"loc":{"start":{"line":386,"column":22},"end":{"line":386,"column":44}}},"61":{"name":"(anonymous_61)","line":399,"loc":{"start":{"line":399,"column":59},"end":{"line":399,"column":78}}},"62":{"name":"(anonymous_62)","line":408,"loc":{"start":{"line":408,"column":24},"end":{"line":408,"column":59}}},"63":{"name":"(anonymous_63)","line":420,"loc":{"start":{"line":420,"column":56},"end":{"line":420,"column":75}}},"64":{"name":"(anonymous_64)","line":430,"loc":{"start":{"line":430,"column":22},"end":{"line":430,"column":41}}},"65":{"name":"(anonymous_65)","line":431,"loc":{"start":{"line":431,"column":68},"end":{"line":431,"column":87}}},"66":{"name":"(anonymous_66)","line":441,"loc":{"start":{"line":441,"column":20},"end":{"line":441,"column":56}}},"67":{"name":"(anonymous_67)","line":443,"loc":{"start":{"line":443,"column":24},"end":{"line":443,"column":47}}},"68":{"name":"(anonymous_68)","line":456,"loc":{"start":{"line":456,"column":60},"end":{"line":456,"column":79}}},"69":{"name":"(anonymous_69)","line":467,"loc":{"start":{"line":467,"column":24},"end":{"line":467,"column":51}}},"70":{"name":"(anonymous_70)","line":468,"loc":{"start":{"line":468,"column":83},"end":{"line":468,"column":102}}},"71":{"name":"(anonymous_71)","line":476,"loc":{"start":{"line":476,"column":18},"end":{"line":476,"column":31}}},"72":{"name":"(anonymous_72)","line":483,"loc":{"start":{"line":483,"column":22},"end":{"line":483,"column":46}}},"73":{"name":"(anonymous_73)","line":490,"loc":{"start":{"line":490,"column":18},"end":{"line":490,"column":31}}},"74":{"name":"(anonymous_74)","line":497,"loc":{"start":{"line":497,"column":20},"end":{"line":497,"column":53}}},"75":{"name":"(anonymous_75)","line":503,"loc":{"start":{"line":503,"column":42},"end":{"line":503,"column":60}}},"76":{"name":"(anonymous_76)","line":515,"loc":{"start":{"line":515,"column":31},"end":{"line":515,"column":53}}},"77":{"name":"(anonymous_77)","line":522,"loc":{"start":{"line":522,"column":23},"end":{"line":522,"column":36}}},"78":{"name":"(anonymous_78)","line":529,"loc":{"start":{"line":529,"column":21},"end":{"line":529,"column":38}}},"79":{"name":"(anonymous_79)","line":536,"loc":{"start":{"line":536,"column":24},"end":{"line":536,"column":46}}},"80":{"name":"(anonymous_80)","line":543,"loc":{"start":{"line":543,"column":22},"end":{"line":543,"column":48}}},"81":{"name":"(anonymous_81)","line":550,"loc":{"start":{"line":550,"column":24},"end":{"line":550,"column":41}}},"82":{"name":"(anonymous_82)","line":557,"loc":{"start":{"line":557,"column":18},"end":{"line":557,"column":45}}},"83":{"name":"(anonymous_83)","line":558,"loc":{"start":{"line":558,"column":69},"end":{"line":558,"column":88}}},"84":{"name":"(anonymous_84)","line":570,"loc":{"start":{"line":570,"column":20},"end":{"line":570,"column":47}}},"85":{"name":"(anonymous_85)","line":571,"loc":{"start":{"line":571,"column":34},"end":{"line":571,"column":53}}},"86":{"name":"(anonymous_86)","line":584,"loc":{"start":{"line":584,"column":20},"end":{"line":584,"column":47}}},"87":{"name":"(anonymous_87)","line":585,"loc":{"start":{"line":585,"column":34},"end":{"line":585,"column":53}}},"88":{"name":"(anonymous_88)","line":602,"loc":{"start":{"line":602,"column":18},"end":{"line":602,"column":54}}},"89":{"name":"(anonymous_89)","line":603,"loc":{"start":{"line":603,"column":27},"end":{"line":603,"column":55}}},"90":{"name":"(anonymous_90)","line":604,"loc":{"start":{"line":604,"column":55},"end":{"line":604,"column":75}}},"91":{"name":"(anonymous_91)","line":606,"loc":{"start":{"line":606,"column":25},"end":{"line":606,"column":39}}},"92":{"name":"(anonymous_92)","line":611,"loc":{"start":{"line":611,"column":32},"end":{"line":611,"column":56}}},"93":{"name":"(anonymous_93)","line":612,"loc":{"start":{"line":612,"column":68},"end":{"line":612,"column":90}}},"94":{"name":"(anonymous_94)","line":613,"loc":{"start":{"line":613,"column":48},"end":{"line":613,"column":62}}},"95":{"name":"(anonymous_95)","line":625,"loc":{"start":{"line":625,"column":19},"end":{"line":625,"column":64}}},"96":{"name":"(anonymous_96)","line":626,"loc":{"start":{"line":626,"column":34},"end":{"line":626,"column":53}}},"97":{"name":"(anonymous_97)","line":644,"loc":{"start":{"line":644,"column":24},"end":{"line":644,"column":46}}},"98":{"name":"(anonymous_98)","line":684,"loc":{"start":{"line":684,"column":18},"end":{"line":684,"column":36}}},"99":{"name":"(anonymous_99)","line":691,"loc":{"start":{"line":691,"column":18},"end":{"line":691,"column":31}}},"100":{"name":"(anonymous_100)","line":692,"loc":{"start":{"line":692,"column":40},"end":{"line":692,"column":60}}},"101":{"name":"(anonymous_101)","line":709,"loc":{"start":{"line":709,"column":20},"end":{"line":709,"column":41}}},"102":{"name":"(anonymous_102)","line":716,"loc":{"start":{"line":716,"column":20},"end":{"line":716,"column":33}}},"103":{"name":"(anonymous_103)","line":717,"loc":{"start":{"line":717,"column":43},"end":{"line":717,"column":61}}},"104":{"name":"(anonymous_104)","line":725,"loc":{"start":{"line":725,"column":18},"end":{"line":725,"column":31}}},"105":{"name":"(anonymous_105)","line":726,"loc":{"start":{"line":726,"column":49},"end":{"line":726,"column":67}}},"106":{"name":"(anonymous_106)","line":734,"loc":{"start":{"line":734,"column":20},"end":{"line":734,"column":42}}},"107":{"name":"(anonymous_107)","line":735,"loc":{"start":{"line":735,"column":45},"end":{"line":735,"column":63}}},"108":{"name":"(anonymous_108)","line":743,"loc":{"start":{"line":743,"column":18},"end":{"line":743,"column":31}}},"109":{"name":"(anonymous_109)","line":744,"loc":{"start":{"line":744,"column":48},"end":{"line":744,"column":66}}},"110":{"name":"(anonymous_110)","line":752,"loc":{"start":{"line":752,"column":20},"end":{"line":752,"column":33}}},"111":{"name":"(anonymous_111)","line":753,"loc":{"start":{"line":753,"column":51},"end":{"line":753,"column":69}}},"112":{"name":"(anonymous_112)","line":761,"loc":{"start":{"line":761,"column":23},"end":{"line":761,"column":36}}},"113":{"name":"(anonymous_113)","line":762,"loc":{"start":{"line":762,"column":48},"end":{"line":762,"column":66}}},"114":{"name":"(anonymous_114)","line":771,"loc":{"start":{"line":771,"column":19},"end":{"line":771,"column":37}}},"115":{"name":"(anonymous_115)","line":774,"loc":{"start":{"line":774,"column":18},"end":{"line":774,"column":40}}},"116":{"name":"(anonymous_116)","line":786,"loc":{"start":{"line":786,"column":21},"end":{"line":786,"column":42}}},"117":{"name":"(anonymous_117)","line":790,"loc":{"start":{"line":790,"column":19},"end":{"line":790,"column":40}}},"118":{"name":"(anonymous_118)","line":794,"loc":{"start":{"line":794,"column":19},"end":{"line":794,"column":30}}},"119":{"name":"(anonymous_119)","line":798,"loc":{"start":{"line":798,"column":19},"end":{"line":798,"column":32}}}},"statementMap":{"1":{"start":{"line":13,"column":0},"end":{"line":810,"column":14}},"2":{"start":{"line":18,"column":2},"end":{"line":18,"column":25}},"3":{"start":{"line":19,"column":2},"end":{"line":25,"column":3}},"4":{"start":{"line":20,"column":6},"end":{"line":20,"column":64}},"5":{"start":{"line":21,"column":6},"end":{"line":21,"column":32}},"6":{"start":{"line":22,"column":6},"end":{"line":22,"column":29}},"7":{"start":{"line":24,"column":6},"end":{"line":24,"column":19}},"8":{"start":{"line":27,"column":2},"end":{"line":29,"column":3}},"9":{"start":{"line":28,"column":6},"end":{"line":28,"column":45}},"10":{"start":{"line":32,"column":2},"end":{"line":32,"column":41}},"11":{"start":{"line":34,"column":2},"end":{"line":801,"column":4}},"12":{"start":{"line":41,"column":4},"end":{"line":80,"column":5}},"13":{"start":{"line":42,"column":6},"end":{"line":45,"column":7}},"14":{"start":{"line":43,"column":8},"end":{"line":43,"column":66}},"15":{"start":{"line":44,"column":8},"end":{"line":44,"column":77}},"16":{"start":{"line":47,"column":6},"end":{"line":47,"column":37}},"17":{"start":{"line":50,"column":6},"end":{"line":50,"column":40}},"18":{"start":{"line":51,"column":6},"end":{"line":61,"column":7}},"19":{"start":{"line":52,"column":8},"end":{"line":60,"column":10}},"20":{"start":{"line":53,"column":10},"end":{"line":59,"column":11}},"21":{"start":{"line":54,"column":12},"end":{"line":58,"column":13}},"22":{"start":{"line":55,"column":14},"end":{"line":55,"column":113}},"23":{"start":{"line":57,"column":14},"end":{"line":57,"column":66}},"24":{"start":{"line":63,"column":6},"end":{"line":68,"column":7}},"25":{"start":{"line":64,"column":8},"end":{"line":64,"column":30}},"26":{"start":{"line":65,"column":8},"end":{"line":65,"column":72}},"27":{"start":{"line":67,"column":8},"end":{"line":67,"column":76}},"28":{"start":{"line":70,"column":6},"end":{"line":70,"column":76}},"29":{"start":{"line":71,"column":6},"end":{"line":74,"column":7}},"30":{"start":{"line":72,"column":8},"end":{"line":72,"column":130}},"31":{"start":{"line":73,"column":8},"end":{"line":73,"column":61}},"32":{"start":{"line":75,"column":6},"end":{"line":78,"column":19}},"33":{"start":{"line":76,"column":8},"end":{"line":76,"column":39}},"34":{"start":{"line":78,"column":8},"end":{"line":78,"column":19}},"35":{"start":{"line":79,"column":6},"end":{"line":79,"column":36}},"36":{"start":{"line":79,"column":16},"end":{"line":79,"column":36}},"37":{"start":{"line":82,"column":4},"end":{"line":107,"column":5}},"38":{"start":{"line":83,"column":6},"end":{"line":83,"column":23}},"39":{"start":{"line":84,"column":6},"end":{"line":106,"column":11}},"40":{"start":{"line":85,"column":8},"end":{"line":105,"column":11}},"41":{"start":{"line":86,"column":10},"end":{"line":88,"column":11}},"42":{"start":{"line":87,"column":12},"end":{"line":87,"column":27}},"43":{"start":{"line":90,"column":10},"end":{"line":90,"column":43}},"44":{"start":{"line":92,"column":10},"end":{"line":93,"column":87}},"45":{"start":{"line":93,"column":52},"end":{"line":93,"column":83}},"46":{"start":{"line":95,"column":10},"end":{"line":97,"column":11}},"47":{"start":{"line":96,"column":12},"end":{"line":96,"column":50}},"48":{"start":{"line":99,"column":10},"end":{"line":104,"column":11}},"49":{"start":{"line":100,"column":12},"end":{"line":100,"column":29}},"50":{"start":{"line":102,"column":12},"end":{"line":102,"column":24}},"51":{"start":{"line":103,"column":12},"end":{"line":103,"column":22}},"52":{"start":{"line":113,"column":4},"end":{"line":212,"column":6}},"53":{"start":{"line":114,"column":6},"end":{"line":119,"column":8}},"54":{"start":{"line":116,"column":8},"end":{"line":118,"column":11}},"55":{"start":{"line":117,"column":10},"end":{"line":117,"column":23}},"56":{"start":{"line":124,"column":6},"end":{"line":128,"column":8}},"57":{"start":{"line":125,"column":8},"end":{"line":127,"column":11}},"58":{"start":{"line":126,"column":10},"end":{"line":126,"column":23}},"59":{"start":{"line":133,"column":6},"end":{"line":137,"column":8}},"60":{"start":{"line":134,"column":8},"end":{"line":136,"column":11}},"61":{"start":{"line":135,"column":10},"end":{"line":135,"column":22}},"62":{"start":{"line":142,"column":6},"end":{"line":146,"column":8}},"63":{"start":{"line":143,"column":8},"end":{"line":145,"column":11}},"64":{"start":{"line":144,"column":10},"end":{"line":144,"column":22}},"65":{"start":{"line":151,"column":6},"end":{"line":157,"column":8}},"66":{"start":{"line":152,"column":8},"end":{"line":152,"column":62}},"67":{"start":{"line":154,"column":8},"end":{"line":156,"column":11}},"68":{"start":{"line":155,"column":10},"end":{"line":155,"column":23}},"69":{"start":{"line":162,"column":6},"end":{"line":167,"column":8}},"70":{"start":{"line":164,"column":8},"end":{"line":166,"column":11}},"71":{"start":{"line":165,"column":10},"end":{"line":165,"column":23}},"72":{"start":{"line":172,"column":6},"end":{"line":176,"column":8}},"73":{"start":{"line":173,"column":8},"end":{"line":175,"column":11}},"74":{"start":{"line":174,"column":10},"end":{"line":174,"column":22}},"75":{"start":{"line":181,"column":6},"end":{"line":186,"column":8}},"76":{"start":{"line":183,"column":8},"end":{"line":185,"column":11}},"77":{"start":{"line":184,"column":10},"end":{"line":184,"column":23}},"78":{"start":{"line":191,"column":6},"end":{"line":195,"column":8}},"79":{"start":{"line":192,"column":8},"end":{"line":194,"column":11}},"80":{"start":{"line":193,"column":10},"end":{"line":193,"column":23}},"81":{"start":{"line":200,"column":6},"end":{"line":204,"column":8}},"82":{"start":{"line":201,"column":8},"end":{"line":203,"column":11}},"83":{"start":{"line":202,"column":10},"end":{"line":202,"column":23}},"84":{"start":{"line":208,"column":6},"end":{"line":210,"column":8}},"85":{"start":{"line":209,"column":8},"end":{"line":209,"column":53}},"86":{"start":{"line":217,"column":4},"end":{"line":679,"column":6}},"87":{"start":{"line":218,"column":6},"end":{"line":218,"column":30}},"88":{"start":{"line":219,"column":6},"end":{"line":219,"column":30}},"89":{"start":{"line":221,"column":6},"end":{"line":221,"column":22}},"90":{"start":{"line":222,"column":6},"end":{"line":222,"column":51}},"91":{"start":{"line":224,"column":6},"end":{"line":227,"column":8}},"92":{"start":{"line":233,"column":6},"end":{"line":235,"column":8}},"93":{"start":{"line":234,"column":8},"end":{"line":234,"column":50}},"94":{"start":{"line":240,"column":6},"end":{"line":247,"column":7}},"95":{"start":{"line":241,"column":8},"end":{"line":241,"column":95}},"96":{"start":{"line":241,"column":62},"end":{"line":241,"column":95}},"97":{"start":{"line":242,"column":8},"end":{"line":246,"column":11}},"98":{"start":{"line":243,"column":10},"end":{"line":243,"column":38}},"99":{"start":{"line":244,"column":10},"end":{"line":244,"column":32}},"100":{"start":{"line":245,"column":10},"end":{"line":245,"column":23}},"101":{"start":{"line":252,"column":6},"end":{"line":257,"column":8}},"102":{"start":{"line":253,"column":8},"end":{"line":256,"column":11}},"103":{"start":{"line":254,"column":10},"end":{"line":254,"column":34}},"104":{"start":{"line":254,"column":19},"end":{"line":254,"column":34}},"105":{"start":{"line":255,"column":10},"end":{"line":255,"column":35}},"106":{"start":{"line":267,"column":6},"end":{"line":269,"column":8}},"107":{"start":{"line":268,"column":8},"end":{"line":268,"column":62}},"108":{"start":{"line":277,"column":6},"end":{"line":279,"column":8}},"109":{"start":{"line":278,"column":8},"end":{"line":278,"column":69}},"110":{"start":{"line":284,"column":6},"end":{"line":286,"column":8}},"111":{"start":{"line":285,"column":8},"end":{"line":285,"column":53}},"112":{"start":{"line":291,"column":6},"end":{"line":293,"column":8}},"113":{"start":{"line":292,"column":8},"end":{"line":292,"column":50}},"114":{"start":{"line":298,"column":6},"end":{"line":303,"column":8}},"115":{"start":{"line":299,"column":8},"end":{"line":302,"column":11}},"116":{"start":{"line":300,"column":10},"end":{"line":300,"column":34}},"117":{"start":{"line":300,"column":19},"end":{"line":300,"column":34}},"118":{"start":{"line":301,"column":10},"end":{"line":301,"column":25}},"119":{"start":{"line":308,"column":6},"end":{"line":313,"column":8}},"120":{"start":{"line":309,"column":8},"end":{"line":312,"column":11}},"121":{"start":{"line":310,"column":10},"end":{"line":310,"column":34}},"122":{"start":{"line":310,"column":19},"end":{"line":310,"column":34}},"123":{"start":{"line":311,"column":10},"end":{"line":311,"column":26}},"124":{"start":{"line":318,"column":6},"end":{"line":323,"column":8}},"125":{"start":{"line":319,"column":8},"end":{"line":322,"column":11}},"126":{"start":{"line":320,"column":10},"end":{"line":320,"column":34}},"127":{"start":{"line":320,"column":19},"end":{"line":320,"column":34}},"128":{"start":{"line":321,"column":10},"end":{"line":321,"column":25}},"129":{"start":{"line":328,"column":6},"end":{"line":333,"column":8}},"130":{"start":{"line":329,"column":8},"end":{"line":332,"column":11}},"131":{"start":{"line":330,"column":10},"end":{"line":330,"column":34}},"132":{"start":{"line":330,"column":19},"end":{"line":330,"column":34}},"133":{"start":{"line":331,"column":10},"end":{"line":331,"column":25}},"134":{"start":{"line":338,"column":6},"end":{"line":343,"column":8}},"135":{"start":{"line":339,"column":8},"end":{"line":342,"column":11}},"136":{"start":{"line":340,"column":10},"end":{"line":340,"column":34}},"137":{"start":{"line":340,"column":19},"end":{"line":340,"column":34}},"138":{"start":{"line":341,"column":10},"end":{"line":341,"column":89}},"139":{"start":{"line":341,"column":49},"end":{"line":341,"column":84}},"140":{"start":{"line":348,"column":6},"end":{"line":350,"column":8}},"141":{"start":{"line":349,"column":8},"end":{"line":349,"column":73}},"142":{"start":{"line":355,"column":6},"end":{"line":360,"column":8}},"143":{"start":{"line":356,"column":8},"end":{"line":359,"column":11}},"144":{"start":{"line":357,"column":10},"end":{"line":357,"column":34}},"145":{"start":{"line":357,"column":19},"end":{"line":357,"column":34}},"146":{"start":{"line":358,"column":10},"end":{"line":358,"column":27}},"147":{"start":{"line":365,"column":6},"end":{"line":371,"column":8}},"148":{"start":{"line":366,"column":8},"end":{"line":366,"column":74}},"149":{"start":{"line":366,"column":34},"end":{"line":366,"column":74}},"150":{"start":{"line":367,"column":8},"end":{"line":370,"column":11}},"151":{"start":{"line":368,"column":10},"end":{"line":368,"column":34}},"152":{"start":{"line":368,"column":19},"end":{"line":368,"column":34}},"153":{"start":{"line":369,"column":10},"end":{"line":369,"column":36}},"154":{"start":{"line":376,"column":6},"end":{"line":381,"column":8}},"155":{"start":{"line":377,"column":8},"end":{"line":380,"column":11}},"156":{"start":{"line":378,"column":10},"end":{"line":378,"column":34}},"157":{"start":{"line":378,"column":19},"end":{"line":378,"column":34}},"158":{"start":{"line":379,"column":10},"end":{"line":379,"column":29}},"159":{"start":{"line":386,"column":6},"end":{"line":403,"column":8}},"160":{"start":{"line":387,"column":8},"end":{"line":397,"column":11}},"161":{"start":{"line":388,"column":10},"end":{"line":391,"column":12}},"162":{"start":{"line":393,"column":11},"end":{"line":396,"column":14}},"163":{"start":{"line":399,"column":8},"end":{"line":402,"column":11}},"164":{"start":{"line":400,"column":10},"end":{"line":400,"column":34}},"165":{"start":{"line":400,"column":19},"end":{"line":400,"column":34}},"166":{"start":{"line":401,"column":10},"end":{"line":401,"column":28}},"167":{"start":{"line":408,"column":6},"end":{"line":424,"column":8}},"168":{"start":{"line":409,"column":8},"end":{"line":419,"column":10}},"169":{"start":{"line":420,"column":8},"end":{"line":423,"column":11}},"170":{"start":{"line":421,"column":10},"end":{"line":421,"column":34}},"171":{"start":{"line":421,"column":19},"end":{"line":421,"column":34}},"172":{"start":{"line":422,"column":10},"end":{"line":422,"column":28}},"173":{"start":{"line":430,"column":6},"end":{"line":435,"column":8}},"174":{"start":{"line":431,"column":8},"end":{"line":434,"column":11}},"175":{"start":{"line":432,"column":10},"end":{"line":432,"column":34}},"176":{"start":{"line":432,"column":19},"end":{"line":432,"column":34}},"177":{"start":{"line":433,"column":10},"end":{"line":433,"column":28}},"178":{"start":{"line":441,"column":6},"end":{"line":462,"column":8}},"179":{"start":{"line":442,"column":8},"end":{"line":442,"column":37}},"180":{"start":{"line":443,"column":8},"end":{"line":461,"column":11}},"181":{"start":{"line":444,"column":10},"end":{"line":444,"column":34}},"182":{"start":{"line":444,"column":19},"end":{"line":444,"column":34}},"183":{"start":{"line":445,"column":10},"end":{"line":455,"column":12}},"184":{"start":{"line":456,"column":10},"end":{"line":460,"column":13}},"185":{"start":{"line":457,"column":12},"end":{"line":457,"column":36}},"186":{"start":{"line":457,"column":21},"end":{"line":457,"column":36}},"187":{"start":{"line":458,"column":12},"end":{"line":458,"column":38}},"188":{"start":{"line":459,"column":12},"end":{"line":459,"column":30}},"189":{"start":{"line":467,"column":6},"end":{"line":471,"column":8}},"190":{"start":{"line":468,"column":8},"end":{"line":470,"column":11}},"191":{"start":{"line":469,"column":10},"end":{"line":469,"column":18}},"192":{"start":{"line":476,"column":6},"end":{"line":478,"column":8}},"193":{"start":{"line":477,"column":8},"end":{"line":477,"column":44}},"194":{"start":{"line":483,"column":6},"end":{"line":485,"column":8}},"195":{"start":{"line":484,"column":8},"end":{"line":484,"column":72}},"196":{"start":{"line":490,"column":6},"end":{"line":492,"column":8}},"197":{"start":{"line":491,"column":8},"end":{"line":491,"column":56}},"198":{"start":{"line":497,"column":6},"end":{"line":510,"column":8}},"199":{"start":{"line":498,"column":8},"end":{"line":502,"column":9}},"200":{"start":{"line":499,"column":10},"end":{"line":499,"column":25}},"201":{"start":{"line":500,"column":10},"end":{"line":500,"column":32}},"202":{"start":{"line":501,"column":10},"end":{"line":501,"column":31}},"203":{"start":{"line":503,"column":8},"end":{"line":509,"column":11}},"204":{"start":{"line":504,"column":10},"end":{"line":504,"column":39}},"205":{"start":{"line":504,"column":24},"end":{"line":504,"column":39}},"206":{"start":{"line":505,"column":10},"end":{"line":508,"column":16}},"207":{"start":{"line":515,"column":6},"end":{"line":517,"column":8}},"208":{"start":{"line":516,"column":8},"end":{"line":516,"column":59}},"209":{"start":{"line":522,"column":6},"end":{"line":524,"column":8}},"210":{"start":{"line":523,"column":8},"end":{"line":523,"column":55}},"211":{"start":{"line":529,"column":6},"end":{"line":531,"column":8}},"212":{"start":{"line":530,"column":8},"end":{"line":530,"column":61}},"213":{"start":{"line":536,"column":6},"end":{"line":538,"column":8}},"214":{"start":{"line":537,"column":8},"end":{"line":537,"column":59}},"215":{"start":{"line":543,"column":6},"end":{"line":545,"column":8}},"216":{"start":{"line":544,"column":8},"end":{"line":544,"column":66}},"217":{"start":{"line":550,"column":6},"end":{"line":552,"column":8}},"218":{"start":{"line":551,"column":8},"end":{"line":551,"column":64}},"219":{"start":{"line":557,"column":6},"end":{"line":564,"column":8}},"220":{"start":{"line":558,"column":8},"end":{"line":563,"column":17}},"221":{"start":{"line":559,"column":10},"end":{"line":559,"column":75}},"222":{"start":{"line":559,"column":40},"end":{"line":559,"column":75}},"223":{"start":{"line":561,"column":10},"end":{"line":561,"column":34}},"224":{"start":{"line":561,"column":19},"end":{"line":561,"column":34}},"225":{"start":{"line":562,"column":10},"end":{"line":562,"column":24}},"226":{"start":{"line":570,"column":6},"end":{"line":579,"column":8}},"227":{"start":{"line":571,"column":8},"end":{"line":578,"column":11}},"228":{"start":{"line":572,"column":10},"end":{"line":572,"column":34}},"229":{"start":{"line":572,"column":19},"end":{"line":572,"column":34}},"230":{"start":{"line":573,"column":10},"end":{"line":577,"column":17}},"231":{"start":{"line":584,"column":6},"end":{"line":597,"column":8}},"232":{"start":{"line":585,"column":8},"end":{"line":596,"column":11}},"233":{"start":{"line":586,"column":10},"end":{"line":586,"column":49}},"234":{"start":{"line":586,"column":20},"end":{"line":586,"column":49}},"235":{"start":{"line":587,"column":10},"end":{"line":587,"column":55}},"236":{"start":{"line":588,"column":10},"end":{"line":591,"column":12}},"237":{"start":{"line":592,"column":10},"end":{"line":592,"column":70}},"238":{"start":{"line":593,"column":10},"end":{"line":593,"column":62}},"239":{"start":{"line":594,"column":10},"end":{"line":594,"column":61}},"240":{"start":{"line":595,"column":10},"end":{"line":595,"column":48}},"241":{"start":{"line":602,"column":6},"end":{"line":620,"column":8}},"242":{"start":{"line":603,"column":8},"end":{"line":619,"column":11}},"243":{"start":{"line":604,"column":10},"end":{"line":618,"column":13}},"244":{"start":{"line":606,"column":12},"end":{"line":609,"column":15}},"245":{"start":{"line":607,"column":14},"end":{"line":607,"column":56}},"246":{"start":{"line":607,"column":37},"end":{"line":607,"column":56}},"247":{"start":{"line":608,"column":14},"end":{"line":608,"column":54}},"248":{"start":{"line":608,"column":39},"end":{"line":608,"column":54}},"249":{"start":{"line":611,"column":12},"end":{"line":617,"column":15}},"250":{"start":{"line":612,"column":14},"end":{"line":616,"column":17}},"251":{"start":{"line":613,"column":16},"end":{"line":615,"column":19}},"252":{"start":{"line":614,"column":18},"end":{"line":614,"column":26}},"253":{"start":{"line":625,"column":6},"end":{"line":635,"column":8}},"254":{"start":{"line":626,"column":8},"end":{"line":634,"column":11}},"255":{"start":{"line":627,"column":10},"end":{"line":627,"column":52}},"256":{"start":{"line":627,"column":37},"end":{"line":627,"column":52}},"257":{"start":{"line":628,"column":10},"end":{"line":633,"column":17}},"258":{"start":{"line":644,"column":6},"end":{"line":678,"column":8}},"259":{"start":{"line":645,"column":10},"end":{"line":645,"column":34}},"260":{"start":{"line":646,"column":10},"end":{"line":646,"column":42}},"261":{"start":{"line":647,"column":10},"end":{"line":647,"column":26}},"262":{"start":{"line":648,"column":10},"end":{"line":650,"column":11}},"263":{"start":{"line":649,"column":14},"end":{"line":649,"column":68}},"264":{"start":{"line":651,"column":10},"end":{"line":653,"column":11}},"265":{"start":{"line":652,"column":14},"end":{"line":652,"column":70}},"266":{"start":{"line":654,"column":10},"end":{"line":660,"column":11}},"267":{"start":{"line":655,"column":14},"end":{"line":655,"column":40}},"268":{"start":{"line":656,"column":14},"end":{"line":658,"column":15}},"269":{"start":{"line":657,"column":18},"end":{"line":657,"column":46}},"270":{"start":{"line":659,"column":14},"end":{"line":659,"column":64}},"271":{"start":{"line":661,"column":10},"end":{"line":667,"column":11}},"272":{"start":{"line":662,"column":14},"end":{"line":662,"column":40}},"273":{"start":{"line":663,"column":14},"end":{"line":665,"column":15}},"274":{"start":{"line":664,"column":18},"end":{"line":664,"column":46}},"275":{"start":{"line":666,"column":14},"end":{"line":666,"column":64}},"276":{"start":{"line":668,"column":10},"end":{"line":670,"column":11}},"277":{"start":{"line":669,"column":14},"end":{"line":669,"column":50}},"278":{"start":{"line":671,"column":10},"end":{"line":673,"column":11}},"279":{"start":{"line":672,"column":14},"end":{"line":672,"column":57}},"280":{"start":{"line":674,"column":10},"end":{"line":676,"column":11}},"281":{"start":{"line":675,"column":14},"end":{"line":675,"column":44}},"282":{"start":{"line":677,"column":10},"end":{"line":677,"column":41}},"283":{"start":{"line":684,"column":4},"end":{"line":766,"column":6}},"284":{"start":{"line":685,"column":6},"end":{"line":685,"column":26}},"285":{"start":{"line":686,"column":6},"end":{"line":686,"column":34}},"286":{"start":{"line":691,"column":6},"end":{"line":695,"column":8}},"287":{"start":{"line":692,"column":8},"end":{"line":694,"column":11}},"288":{"start":{"line":693,"column":10},"end":{"line":693,"column":24}},"289":{"start":{"line":709,"column":6},"end":{"line":711,"column":8}},"290":{"start":{"line":710,"column":8},"end":{"line":710,"column":47}},"291":{"start":{"line":716,"column":6},"end":{"line":720,"column":8}},"292":{"start":{"line":717,"column":8},"end":{"line":719,"column":11}},"293":{"start":{"line":718,"column":10},"end":{"line":718,"column":22}},"294":{"start":{"line":725,"column":6},"end":{"line":729,"column":8}},"295":{"start":{"line":726,"column":8},"end":{"line":728,"column":11}},"296":{"start":{"line":727,"column":10},"end":{"line":727,"column":22}},"297":{"start":{"line":734,"column":6},"end":{"line":738,"column":8}},"298":{"start":{"line":735,"column":8},"end":{"line":737,"column":11}},"299":{"start":{"line":736,"column":10},"end":{"line":736,"column":22}},"300":{"start":{"line":743,"column":6},"end":{"line":747,"column":8}},"301":{"start":{"line":744,"column":8},"end":{"line":746,"column":11}},"302":{"start":{"line":745,"column":10},"end":{"line":745,"column":22}},"303":{"start":{"line":752,"column":6},"end":{"line":756,"column":8}},"304":{"start":{"line":753,"column":8},"end":{"line":755,"column":11}},"305":{"start":{"line":754,"column":10},"end":{"line":754,"column":22}},"306":{"start":{"line":761,"column":6},"end":{"line":765,"column":8}},"307":{"start":{"line":762,"column":8},"end":{"line":764,"column":11}},"308":{"start":{"line":763,"column":10},"end":{"line":763,"column":22}},"309":{"start":{"line":771,"column":4},"end":{"line":781,"column":6}},"310":{"start":{"line":772,"column":6},"end":{"line":772,"column":75}},"311":{"start":{"line":774,"column":6},"end":{"line":780,"column":8}},"312":{"start":{"line":775,"column":8},"end":{"line":775,"column":23}},"313":{"start":{"line":776,"column":8},"end":{"line":778,"column":9}},"314":{"start":{"line":777,"column":10},"end":{"line":777,"column":87}},"315":{"start":{"line":779,"column":8},"end":{"line":779,"column":59}},"316":{"start":{"line":786,"column":4},"end":{"line":788,"column":6}},"317":{"start":{"line":787,"column":6},"end":{"line":787,"column":56}},"318":{"start":{"line":790,"column":4},"end":{"line":792,"column":6}},"319":{"start":{"line":791,"column":6},"end":{"line":791,"column":61}},"320":{"start":{"line":794,"column":4},"end":{"line":796,"column":6}},"321":{"start":{"line":795,"column":6},"end":{"line":795,"column":31}},"322":{"start":{"line":798,"column":4},"end":{"line":800,"column":6}},"323":{"start":{"line":799,"column":6},"end":{"line":799,"column":39}},"324":{"start":{"line":804,"column":2},"end":{"line":809,"column":3}},"325":{"start":{"line":806,"column":4},"end":{"line":806,"column":28}},"326":{"start":{"line":808,"column":4},"end":{"line":808,"column":27}}},"branchMap":{"1":{"line":19,"type":"if","locations":[{"start":{"line":19,"column":2},"end":{"line":19,"column":2}},{"start":{"line":19,"column":2},"end":{"line":19,"column":2}}]},"2":{"line":27,"type":"if","locations":[{"start":{"line":27,"column":2},"end":{"line":27,"column":2}},{"start":{"line":27,"column":2},"end":{"line":27,"column":2}}]},"3":{"line":27,"type":"binary-expr","locations":[{"start":{"line":27,"column":6},"end":{"line":27,"column":35}},{"start":{"line":27,"column":39},"end":{"line":27,"column":83}}]},"4":{"line":43,"type":"cond-expr","locations":[{"start":{"line":43,"column":44},"end":{"line":43,"column":48}},{"start":{"line":43,"column":51},"end":{"line":43,"column":65}}]},"5":{"line":44,"type":"cond-expr","locations":[{"start":{"line":44,"column":41},"end":{"line":44,"column":44}},{"start":{"line":44,"column":47},"end":{"line":44,"column":50}}]},"6":{"line":51,"type":"if","locations":[{"start":{"line":51,"column":6},"end":{"line":51,"column":6}},{"start":{"line":51,"column":6},"end":{"line":51,"column":6}}]},"7":{"line":53,"type":"if","locations":[{"start":{"line":53,"column":10},"end":{"line":53,"column":10}},{"start":{"line":53,"column":10},"end":{"line":53,"column":10}}]},"8":{"line":54,"type":"if","locations":[{"start":{"line":54,"column":12},"end":{"line":54,"column":12}},{"start":{"line":54,"column":12},"end":{"line":54,"column":12}}]},"9":{"line":54,"type":"binary-expr","locations":[{"start":{"line":54,"column":16},"end":{"line":54,"column":34}},{"start":{"line":54,"column":38},"end":{"line":54,"column":55}},{"start":{"line":54,"column":59},"end":{"line":54,"column":78}}]},"10":{"line":55,"type":"cond-expr","locations":[{"start":{"line":55,"column":29},"end":{"line":55,"column":46}},{"start":{"line":55,"column":49},"end":{"line":55,"column":105}}]},"11":{"line":55,"type":"cond-expr","locations":[{"start":{"line":55,"column":69},"end":{"line":55,"column":98}},{"start":{"line":55,"column":101},"end":{"line":55,"column":105}}]},"12":{"line":63,"type":"if","locations":[{"start":{"line":63,"column":6},"end":{"line":63,"column":6}},{"start":{"line":63,"column":6},"end":{"line":63,"column":6}}]},"13":{"line":71,"type":"if","locations":[{"start":{"line":71,"column":6},"end":{"line":71,"column":6}},{"start":{"line":71,"column":6},"end":{"line":71,"column":6}}]},"14":{"line":71,"type":"binary-expr","locations":[{"start":{"line":71,"column":11},"end":{"line":71,"column":24}},{"start":{"line":71,"column":30},"end":{"line":71,"column":46}},{"start":{"line":71,"column":50},"end":{"line":71,"column":66}}]},"15":{"line":72,"type":"cond-expr","locations":[{"start":{"line":72,"column":44},"end":{"line":72,"column":68}},{"start":{"line":72,"column":71},"end":{"line":72,"column":129}}]},"16":{"line":75,"type":"if","locations":[{"start":{"line":75,"column":6},"end":{"line":75,"column":6}},{"start":{"line":75,"column":6},"end":{"line":75,"column":6}}]},"17":{"line":79,"type":"if","locations":[{"start":{"line":79,"column":6},"end":{"line":79,"column":6}},{"start":{"line":79,"column":6},"end":{"line":79,"column":6}}]},"18":{"line":86,"type":"if","locations":[{"start":{"line":86,"column":10},"end":{"line":86,"column":10}},{"start":{"line":86,"column":10},"end":{"line":86,"column":10}}]},"19":{"line":92,"type":"binary-expr","locations":[{"start":{"line":92,"column":23},"end":{"line":92,"column":52}},{"start":{"line":92,"column":56},"end":{"line":92,"column":58}}]},"20":{"line":95,"type":"if","locations":[{"start":{"line":95,"column":10},"end":{"line":95,"column":10}},{"start":{"line":95,"column":10},"end":{"line":95,"column":10}}]},"21":{"line":96,"type":"binary-expr","locations":[{"start":{"line":96,"column":20},"end":{"line":96,"column":39}},{"start":{"line":96,"column":43},"end":{"line":96,"column":45}}]},"22":{"line":99,"type":"if","locations":[{"start":{"line":99,"column":10},"end":{"line":99,"column":10}},{"start":{"line":99,"column":10},"end":{"line":99,"column":10}}]},"23":{"line":152,"type":"cond-expr","locations":[{"start":{"line":152,"column":33},"end":{"line":152,"column":51}},{"start":{"line":152,"column":54},"end":{"line":152,"column":61}}]},"24":{"line":241,"type":"if","locations":[{"start":{"line":241,"column":8},"end":{"line":241,"column":8}},{"start":{"line":241,"column":8},"end":{"line":241,"column":8}}]},"25":{"line":241,"type":"binary-expr","locations":[{"start":{"line":241,"column":12},"end":{"line":241,"column":41}},{"start":{"line":241,"column":45},"end":{"line":241,"column":60}}]},"26":{"line":254,"type":"if","locations":[{"start":{"line":254,"column":10},"end":{"line":254,"column":10}},{"start":{"line":254,"column":10},"end":{"line":254,"column":10}}]},"27":{"line":300,"type":"if","locations":[{"start":{"line":300,"column":10},"end":{"line":300,"column":10}},{"start":{"line":300,"column":10},"end":{"line":300,"column":10}}]},"28":{"line":309,"type":"cond-expr","locations":[{"start":{"line":309,"column":55},"end":{"line":309,"column":72}},{"start":{"line":309,"column":75},"end":{"line":309,"column":77}}]},"29":{"line":310,"type":"if","locations":[{"start":{"line":310,"column":10},"end":{"line":310,"column":10}},{"start":{"line":310,"column":10},"end":{"line":310,"column":10}}]},"30":{"line":320,"type":"if","locations":[{"start":{"line":320,"column":10},"end":{"line":320,"column":10}},{"start":{"line":320,"column":10},"end":{"line":320,"column":10}}]},"31":{"line":330,"type":"if","locations":[{"start":{"line":330,"column":10},"end":{"line":330,"column":10}},{"start":{"line":330,"column":10},"end":{"line":330,"column":10}}]},"32":{"line":340,"type":"if","locations":[{"start":{"line":340,"column":10},"end":{"line":340,"column":10}},{"start":{"line":340,"column":10},"end":{"line":340,"column":10}}]},"33":{"line":357,"type":"if","locations":[{"start":{"line":357,"column":10},"end":{"line":357,"column":10}},{"start":{"line":357,"column":10},"end":{"line":357,"column":10}}]},"34":{"line":366,"type":"if","locations":[{"start":{"line":366,"column":8},"end":{"line":366,"column":8}},{"start":{"line":366,"column":8},"end":{"line":366,"column":8}}]},"35":{"line":366,"type":"binary-expr","locations":[{"start":{"line":366,"column":12},"end":{"line":366,"column":17}},{"start":{"line":366,"column":21},"end":{"line":366,"column":32}}]},"36":{"line":368,"type":"if","locations":[{"start":{"line":368,"column":10},"end":{"line":368,"column":10}},{"start":{"line":368,"column":10},"end":{"line":368,"column":10}}]},"37":{"line":378,"type":"if","locations":[{"start":{"line":378,"column":10},"end":{"line":378,"column":10}},{"start":{"line":378,"column":10},"end":{"line":378,"column":10}}]},"38":{"line":387,"type":"if","locations":[{"start":{"line":387,"column":8},"end":{"line":387,"column":8}},{"start":{"line":387,"column":8},"end":{"line":387,"column":8}}]},"39":{"line":400,"type":"if","locations":[{"start":{"line":400,"column":10},"end":{"line":400,"column":10}},{"start":{"line":400,"column":10},"end":{"line":400,"column":10}}]},"40":{"line":421,"type":"if","locations":[{"start":{"line":421,"column":10},"end":{"line":421,"column":10}},{"start":{"line":421,"column":10},"end":{"line":421,"column":10}}]},"41":{"line":432,"type":"if","locations":[{"start":{"line":432,"column":10},"end":{"line":432,"column":10}},{"start":{"line":432,"column":10},"end":{"line":432,"column":10}}]},"42":{"line":444,"type":"if","locations":[{"start":{"line":444,"column":10},"end":{"line":444,"column":10}},{"start":{"line":444,"column":10},"end":{"line":444,"column":10}}]},"43":{"line":457,"type":"if","locations":[{"start":{"line":457,"column":12},"end":{"line":457,"column":12}},{"start":{"line":457,"column":12},"end":{"line":457,"column":12}}]},"44":{"line":498,"type":"if","locations":[{"start":{"line":498,"column":8},"end":{"line":498,"column":8}},{"start":{"line":498,"column":8},"end":{"line":498,"column":8}}]},"45":{"line":498,"type":"binary-expr","locations":[{"start":{"line":498,"column":11},"end":{"line":498,"column":33}},{"start":{"line":498,"column":37},"end":{"line":498,"column":71}}]},"46":{"line":504,"type":"if","locations":[{"start":{"line":504,"column":10},"end":{"line":504,"column":10}},{"start":{"line":504,"column":10},"end":{"line":504,"column":10}}]},"47":{"line":504,"type":"binary-expr","locations":[{"start":{"line":504,"column":13},"end":{"line":504,"column":16}},{"start":{"line":504,"column":20},"end":{"line":504,"column":22}}]},"48":{"line":559,"type":"if","locations":[{"start":{"line":559,"column":10},"end":{"line":559,"column":10}},{"start":{"line":559,"column":10},"end":{"line":559,"column":10}}]},"49":{"line":559,"type":"binary-expr","locations":[{"start":{"line":559,"column":14},"end":{"line":559,"column":17}},{"start":{"line":559,"column":21},"end":{"line":559,"column":38}}]},"50":{"line":561,"type":"if","locations":[{"start":{"line":561,"column":10},"end":{"line":561,"column":10}},{"start":{"line":561,"column":10},"end":{"line":561,"column":10}}]},"51":{"line":572,"type":"if","locations":[{"start":{"line":572,"column":10},"end":{"line":572,"column":10}},{"start":{"line":572,"column":10},"end":{"line":572,"column":10}}]},"52":{"line":586,"type":"if","locations":[{"start":{"line":586,"column":10},"end":{"line":586,"column":10}},{"start":{"line":586,"column":10},"end":{"line":586,"column":10}}]},"53":{"line":607,"type":"if","locations":[{"start":{"line":607,"column":14},"end":{"line":607,"column":14}},{"start":{"line":607,"column":14},"end":{"line":607,"column":14}}]},"54":{"line":608,"type":"if","locations":[{"start":{"line":608,"column":14},"end":{"line":608,"column":14}},{"start":{"line":608,"column":14},"end":{"line":608,"column":14}}]},"55":{"line":627,"type":"if","locations":[{"start":{"line":627,"column":10},"end":{"line":627,"column":10}},{"start":{"line":627,"column":10},"end":{"line":627,"column":10}}]},"56":{"line":627,"type":"binary-expr","locations":[{"start":{"line":627,"column":14},"end":{"line":627,"column":17}},{"start":{"line":627,"column":21},"end":{"line":627,"column":35}}]},"57":{"line":645,"type":"binary-expr","locations":[{"start":{"line":645,"column":20},"end":{"line":645,"column":27}},{"start":{"line":645,"column":31},"end":{"line":645,"column":33}}]},"58":{"line":648,"type":"if","locations":[{"start":{"line":648,"column":10},"end":{"line":648,"column":10}},{"start":{"line":648,"column":10},"end":{"line":648,"column":10}}]},"59":{"line":651,"type":"if","locations":[{"start":{"line":651,"column":10},"end":{"line":651,"column":10}},{"start":{"line":651,"column":10},"end":{"line":651,"column":10}}]},"60":{"line":654,"type":"if","locations":[{"start":{"line":654,"column":10},"end":{"line":654,"column":10}},{"start":{"line":654,"column":10},"end":{"line":654,"column":10}}]},"61":{"line":656,"type":"if","locations":[{"start":{"line":656,"column":14},"end":{"line":656,"column":14}},{"start":{"line":656,"column":14},"end":{"line":656,"column":14}}]},"62":{"line":661,"type":"if","locations":[{"start":{"line":661,"column":10},"end":{"line":661,"column":10}},{"start":{"line":661,"column":10},"end":{"line":661,"column":10}}]},"63":{"line":663,"type":"if","locations":[{"start":{"line":663,"column":14},"end":{"line":663,"column":14}},{"start":{"line":663,"column":14},"end":{"line":663,"column":14}}]},"64":{"line":668,"type":"if","locations":[{"start":{"line":668,"column":10},"end":{"line":668,"column":10}},{"start":{"line":668,"column":10},"end":{"line":668,"column":10}}]},"65":{"line":671,"type":"if","locations":[{"start":{"line":671,"column":10},"end":{"line":671,"column":10}},{"start":{"line":671,"column":10},"end":{"line":671,"column":10}}]},"66":{"line":674,"type":"if","locations":[{"start":{"line":674,"column":10},"end":{"line":674,"column":10}},{"start":{"line":674,"column":10},"end":{"line":674,"column":10}}]},"67":{"line":804,"type":"if","locations":[{"start":{"line":804,"column":2},"end":{"line":804,"column":2}},{"start":{"line":804,"column":2},"end":{"line":804,"column":2}}]}}}}