TN:
SF:/Users/aendrew/Sites/github/github.js
FN:13,(anonymous_1)
FN:34,(anonymous_2)
FN:41,_request
FN:42,getURL
FN:52,(anonymous_5)
FN:82,_requestAllPages
FN:84,iterate
FN:85,(anonymous_8)
FN:93,(anonymous_9)
FN:113,(anonymous_10)
FN:114,(anonymous_11)
FN:116,(anonymous_12)
FN:124,(anonymous_13)
FN:125,(anonymous_14)
FN:133,(anonymous_15)
FN:134,(anonymous_16)
FN:142,(anonymous_17)
FN:143,(anonymous_18)
FN:151,(anonymous_19)
FN:154,(anonymous_20)
FN:162,(anonymous_21)
FN:164,(anonymous_22)
FN:172,(anonymous_23)
FN:173,(anonymous_24)
FN:181,(anonymous_25)
FN:183,(anonymous_26)
FN:191,(anonymous_27)
FN:192,(anonymous_28)
FN:200,(anonymous_29)
FN:201,(anonymous_30)
FN:208,(anonymous_31)
FN:217,(anonymous_32)
FN:233,(anonymous_33)
FN:240,updateTree
FN:242,(anonymous_35)
FN:252,(anonymous_36)
FN:253,(anonymous_37)
FN:267,(anonymous_38)
FN:277,(anonymous_39)
FN:284,(anonymous_40)
FN:291,(anonymous_41)
FN:298,(anonymous_42)
FN:299,(anonymous_43)
FN:308,(anonymous_44)
FN:309,(anonymous_45)
FN:318,(anonymous_46)
FN:319,(anonymous_47)
FN:328,(anonymous_48)
FN:329,(anonymous_49)
FN:338,(anonymous_50)
FN:339,(anonymous_51)
FN:341,(anonymous_52)
FN:348,(anonymous_53)
FN:355,(anonymous_54)
FN:356,(anonymous_55)
FN:365,(anonymous_56)
FN:367,(anonymous_57)
FN:376,(anonymous_58)
FN:377,(anonymous_59)
FN:386,(anonymous_60)
FN:399,(anonymous_61)
FN:408,(anonymous_62)
FN:420,(anonymous_63)
FN:430,(anonymous_64)
FN:431,(anonymous_65)
FN:441,(anonymous_66)
FN:443,(anonymous_67)
FN:456,(anonymous_68)
FN:467,(anonymous_69)
FN:468,(anonymous_70)
FN:476,(anonymous_71)
FN:483,(anonymous_72)
FN:490,(anonymous_73)
FN:497,(anonymous_74)
FN:503,(anonymous_75)
FN:515,(anonymous_76)
FN:522,(anonymous_77)
FN:529,(anonymous_78)
FN:536,(anonymous_79)
FN:543,(anonymous_80)
FN:550,(anonymous_81)
FN:557,(anonymous_82)
FN:558,(anonymous_83)
FN:570,(anonymous_84)
FN:571,(anonymous_85)
FN:584,(anonymous_86)
FN:585,(anonymous_87)
FN:602,(anonymous_88)
FN:603,(anonymous_89)
FN:604,(anonymous_90)
FN:606,(anonymous_91)
FN:611,(anonymous_92)
FN:612,(anonymous_93)
FN:613,(anonymous_94)
FN:625,(anonymous_95)
FN:626,(anonymous_96)
FN:644,(anonymous_97)
FN:684,(anonymous_98)
FN:691,(anonymous_99)
FN:692,(anonymous_100)
FN:709,(anonymous_101)
FN:716,(anonymous_102)
FN:717,(anonymous_103)
FN:725,(anonymous_104)
FN:726,(anonymous_105)
FN:734,(anonymous_106)
FN:735,(anonymous_107)
FN:743,(anonymous_108)
FN:744,(anonymous_109)
FN:752,(anonymous_110)
FN:753,(anonymous_111)
FN:761,(anonymous_112)
FN:762,(anonymous_113)
FN:771,(anonymous_114)
FN:774,(anonymous_115)
FN:786,(anonymous_116)
FN:790,(anonymous_117)
FN:794,(anonymous_118)
FN:798,(anonymous_119)
FNF:119
FNH:50
FNDA:1,(anonymous_1)
FNDA:5,(anonymous_2)
FNDA:21,_request
FNDA:21,getURL
FNDA:81,(anonymous_5)
FNDA:2,_requestAllPages
FNDA:2,iterate
FNDA:2,(anonymous_8)
FNDA:2,(anonymous_9)
FNDA:3,(anonymous_10)
FNDA:0,(anonymous_11)
FNDA:0,(anonymous_12)
FNDA:1,(anonymous_13)
FNDA:1,(anonymous_14)
FNDA:1,(anonymous_15)
FNDA:1,(anonymous_16)
FNDA:1,(anonymous_17)
FNDA:1,(anonymous_18)
FNDA:2,(anonymous_19)
FNDA:2,(anonymous_20)
FNDA:1,(anonymous_21)
FNDA:1,(anonymous_22)
FNDA:1,(anonymous_23)
FNDA:1,(anonymous_24)
FNDA:1,(anonymous_25)
FNDA:1,(anonymous_26)
FNDA:1,(anonymous_27)
FNDA:1,(anonymous_28)
FNDA:1,(anonymous_29)
FNDA:1,(anonymous_30)
FNDA:1,(anonymous_31)
FNDA:4,(anonymous_32)
FNDA:0,(anonymous_33)
FNDA:0,updateTree
FNDA:0,(anonymous_35)
FNDA:0,(anonymous_36)
FNDA:0,(anonymous_37)
FNDA:0,(anonymous_38)
FNDA:0,(anonymous_39)
FNDA:0,(anonymous_40)
FNDA:1,(anonymous_41)
FNDA:0,(anonymous_42)
FNDA:0,(anonymous_43)
FNDA:0,(anonymous_44)
FNDA:0,(anonymous_45)
FNDA:0,(anonymous_46)
FNDA:0,(anonymous_47)
FNDA:0,(anonymous_48)
FNDA:0,(anonymous_49)
FNDA:1,(anonymous_50)
FNDA:1,(anonymous_51)
FNDA:1,(anonymous_52)
FNDA:0,(anonymous_53)
FNDA:1,(anonymous_54)
FNDA:1,(anonymous_55)
FNDA:1,(anonymous_56)
FNDA:1,(anonymous_57)
FNDA:0,(anonymous_58)
FNDA:0,(anonymous_59)
FNDA:0,(anonymous_60)
FNDA:0,(anonymous_61)
FNDA:0,(anonymous_62)
FNDA:0,(anonymous_63)
FNDA:0,(anonymous_64)
FNDA:0,(anonymous_65)
FNDA:1,(anonymous_66)
FNDA:1,(anonymous_67)
FNDA:1,(anonymous_68)
FNDA:0,(anonymous_69)
FNDA:0,(anonymous_70)
FNDA:1,(anonymous_71)
FNDA:1,(anonymous_72)
FNDA:1,(anonymous_73)
FNDA:0,(anonymous_74)
FNDA:0,(anonymous_75)
FNDA:0,(anonymous_76)
FNDA:0,(anonymous_77)
FNDA:0,(anonymous_78)
FNDA:0,(anonymous_79)
FNDA:0,(anonymous_80)
FNDA:0,(anonymous_81)
FNDA:1,(anonymous_82)
FNDA:1,(anonymous_83)
FNDA:0,(anonymous_84)
FNDA:0,(anonymous_85)
FNDA:0,(anonymous_86)
FNDA:0,(anonymous_87)
FNDA:0,(anonymous_88)
FNDA:0,(anonymous_89)
FNDA:0,(anonymous_90)
FNDA:0,(anonymous_91)
FNDA:0,(anonymous_92)
FNDA:0,(anonymous_93)
FNDA:0,(anonymous_94)
FNDA:1,(anonymous_95)
FNDA:1,(anonymous_96)
FNDA:0,(anonymous_97)
FNDA:0,(anonymous_98)
FNDA:0,(anonymous_99)
FNDA:0,(anonymous_100)
FNDA:0,(anonymous_101)
FNDA:0,(anonymous_102)
FNDA:0,(anonymous_103)
FNDA:0,(anonymous_104)
FNDA:0,(anonymous_105)
FNDA:0,(anonymous_106)
FNDA:0,(anonymous_107)
FNDA:0,(anonymous_108)
FNDA:0,(anonymous_109)
FNDA:0,(anonymous_110)
FNDA:0,(anonymous_111)
FNDA:0,(anonymous_112)
FNDA:0,(anonymous_113)
FNDA:0,(anonymous_114)
FNDA:0,(anonymous_115)
FNDA:0,(anonymous_116)
FNDA:4,(anonymous_117)
FNDA:2,(anonymous_118)
FNDA:0,(anonymous_119)
DA:13,1
DA:18,1
DA:19,1
DA:20,1
DA:21,1
DA:22,1
DA:24,0
DA:27,1
DA:28,0
DA:32,1
DA:34,1
DA:41,1
DA:42,1
DA:43,21
DA:44,21
DA:47,21
DA:50,21
DA:51,21
DA:52,21
DA:53,81
DA:54,21
DA:55,19
DA:57,2
DA:63,21
DA:64,20
DA:65,20
DA:67,1
DA:70,21
DA:71,21
DA:72,21
DA:73,21
DA:75,21
DA:76,7
DA:78,14
DA:79,21
DA:82,1
DA:83,2
DA:84,2
DA:85,2
DA:86,2
DA:87,0
DA:90,2
DA:92,2
DA:93,2
DA:95,2
DA:96,0
DA:99,2
DA:100,2
DA:102,0
DA:103,0
DA:113,5
DA:114,3
DA:116,0
DA:117,0
DA:124,3
DA:125,1
DA:126,1
DA:133,3
DA:134,1
DA:135,1
DA:142,3
DA:143,1
DA:144,1
DA:151,3
DA:152,2
DA:154,2
DA:155,2
DA:162,3
DA:164,1
DA:165,1
DA:172,3
DA:173,1
DA:174,1
DA:181,3
DA:183,1
DA:184,1
DA:191,3
DA:192,1
DA:193,1
DA:200,3
DA:201,1
DA:202,1
DA:208,3
DA:209,1
DA:217,5
DA:218,4
DA:219,4
DA:221,4
DA:222,4
DA:224,4
DA:233,4
DA:234,0
DA:240,1
DA:241,0
DA:242,0
DA:243,0
DA:244,0
DA:245,0
DA:252,4
DA:253,0
DA:254,0
DA:255,0
DA:267,4
DA:268,0
DA:277,4
DA:278,0
DA:284,4
DA:285,0
DA:291,4
DA:292,1
DA:298,4
DA:299,0
DA:300,0
DA:301,0
DA:308,4
DA:309,0
DA:310,0
DA:311,0
DA:318,4
DA:319,0
DA:320,0
DA:321,0
DA:328,4
DA:329,0
DA:330,0
DA:331,0
DA:338,4
DA:339,1
DA:340,1
DA:341,1
DA:348,4
DA:349,0
DA:355,4
DA:356,1
DA:357,1
DA:358,1
DA:365,4
DA:366,1
DA:367,1
DA:368,1
DA:369,0
DA:376,4
DA:377,0
DA:378,0
DA:379,0
DA:386,4
DA:387,0
DA:388,0
DA:393,0
DA:399,0
DA:400,0
DA:401,0
DA:408,4
DA:409,0
DA:420,0
DA:421,0
DA:422,0
DA:430,4
DA:431,0
DA:432,0
DA:433,0
DA:441,4
DA:442,1
DA:443,1
DA:444,1
DA:445,1
DA:456,1
DA:457,1
DA:458,0
DA:459,0
DA:467,4
DA:468,0
DA:469,0
DA:476,4
DA:477,1
DA:483,4
DA:484,1
DA:490,4
DA:491,1
DA:497,4
DA:498,0
DA:499,0
DA:500,0
DA:501,0
DA:503,0
DA:504,0
DA:505,0
DA:515,4
DA:516,0
DA:522,4
DA:523,0
DA:529,4
DA:530,0
DA:536,4
DA:537,0
DA:543,4
DA:544,0
DA:550,4
DA:551,0
DA:557,4
DA:558,1
DA:559,1
DA:561,1
DA:562,1
DA:570,4
DA:571,0
DA:572,0
DA:573,0
DA:584,4
DA:585,0
DA:586,0
DA:587,0
DA:588,0
DA:592,0
DA:593,0
DA:594,0
DA:595,0
DA:602,4
DA:603,0
DA:604,0
DA:606,0
DA:607,0
DA:608,0
DA:611,0
DA:612,0
DA:613,0
DA:614,0
DA:625,4
DA:626,1
DA:627,1
DA:628,1
DA:644,4
DA:645,0
DA:646,0
DA:647,0
DA:648,0
DA:649,0
DA:651,0
DA:652,0
DA:654,0
DA:655,0
DA:656,0
DA:657,0
DA:659,0
DA:661,0
DA:662,0
DA:663,0
DA:664,0
DA:666,0
DA:668,0
DA:669,0
DA:671,0
DA:672,0
DA:674,0
DA:675,0
DA:677,0
DA:684,5
DA:685,0
DA:686,0
DA:691,0
DA:692,0
DA:693,0
DA:709,0
DA:710,0
DA:716,0
DA:717,0
DA:718,0
DA:725,0
DA:726,0
DA:727,0
DA:734,0
DA:735,0
DA:736,0
DA:743,0
DA:744,0
DA:745,0
DA:752,0
DA:753,0
DA:754,0
DA:761,0
DA:762,0
DA:763,0
DA:771,5
DA:772,0
DA:774,0
DA:775,0
DA:776,0
DA:777,0
DA:779,0
DA:786,5
DA:787,0
DA:790,5
DA:791,4
DA:794,5
DA:795,2
DA:798,5
DA:799,0
DA:804,1
DA:806,1
DA:808,0
LF:300
LH:155
BRDA:19,1,0,1
BRDA:19,1,1,0
BRDA:27,2,0,0
BRDA:27,2,1,1
BRDA:27,3,0,1
BRDA:27,3,1,0
BRDA:43,4,0,0
BRDA:43,4,1,21
BRDA:44,5,0,2
BRDA:44,5,1,19
BRDA:51,6,0,21
BRDA:51,6,1,0
BRDA:53,7,0,21
BRDA:53,7,1,60
BRDA:54,8,0,19
BRDA:54,8,1,2
BRDA:54,9,0,21
BRDA:54,9,1,21
BRDA:54,9,2,2
BRDA:55,10,0,1
BRDA:55,10,1,18
BRDA:55,11,0,15
BRDA:55,11,1,3
BRDA:63,12,0,20
BRDA:63,12,1,1
BRDA:71,13,0,21
BRDA:71,13,1,0
BRDA:71,14,0,21
BRDA:71,14,1,21
BRDA:71,14,2,21
BRDA:72,15,0,0
BRDA:72,15,1,21
BRDA:75,16,0,7
BRDA:75,16,1,14
BRDA:79,17,0,0
BRDA:79,17,1,21
BRDA:86,18,0,0
BRDA:86,18,1,2
BRDA:92,19,0,2
BRDA:92,19,1,2
BRDA:95,20,0,0
BRDA:95,20,1,2
BRDA:96,21,0,0
BRDA:96,21,1,0
BRDA:99,22,0,2
BRDA:99,22,1,0
BRDA:152,23,0,1
BRDA:152,23,1,1
BRDA:241,24,0,0
BRDA:241,24,1,0
BRDA:241,25,0,0
BRDA:241,25,1,0
BRDA:254,26,0,0
BRDA:254,26,1,0
BRDA:300,27,0,0
BRDA:300,27,1,0
BRDA:309,28,0,0
BRDA:309,28,1,0
BRDA:310,29,0,0
BRDA:310,29,1,0
BRDA:320,30,0,0
BRDA:320,30,1,0
BRDA:330,31,0,0
BRDA:330,31,1,0
BRDA:340,32,0,0
BRDA:340,32,1,1
BRDA:357,33,0,0
BRDA:357,33,1,1
BRDA:366,34,0,0
BRDA:366,34,1,1
BRDA:366,35,0,1
BRDA:366,35,1,1
BRDA:368,36,0,1
BRDA:368,36,1,0
BRDA:378,37,0,0
BRDA:378,37,1,0
BRDA:387,38,0,0
BRDA:387,38,1,0
BRDA:400,39,0,0
BRDA:400,39,1,0
BRDA:421,40,0,0
BRDA:421,40,1,0
BRDA:432,41,0,0
BRDA:432,41,1,0
BRDA:444,42,0,0
BRDA:444,42,1,1
BRDA:457,43,0,1
BRDA:457,43,1,0
BRDA:498,44,0,0
BRDA:498,44,1,0
BRDA:498,45,0,0
BRDA:498,45,1,0
BRDA:504,46,0,0
BRDA:504,46,1,0
BRDA:504,47,0,0
BRDA:504,47,1,0
BRDA:559,48,0,0
BRDA:559,48,1,1
BRDA:559,49,0,1
BRDA:559,49,1,0
BRDA:561,50,0,0
BRDA:561,50,1,1
BRDA:572,51,0,0
BRDA:572,51,1,0
BRDA:586,52,0,0
BRDA:586,52,1,0
BRDA:607,53,0,0
BRDA:607,53,1,0
BRDA:608,54,0,0
BRDA:608,54,1,0
BRDA:627,55,0,0
BRDA:627,55,1,1
BRDA:627,56,0,1
BRDA:627,56,1,1
BRDA:645,57,0,0
BRDA:645,57,1,0
BRDA:648,58,0,0
BRDA:648,58,1,0
BRDA:651,59,0,0
BRDA:651,59,1,0
BRDA:654,60,0,0
BRDA:654,60,1,0
BRDA:656,61,0,0
BRDA:656,61,1,0
BRDA:661,62,0,0
BRDA:661,62,1,0
BRDA:663,63,0,0
BRDA:663,63,1,0
BRDA:668,64,0,0
BRDA:668,64,1,0
BRDA:671,65,0,0
BRDA:671,65,1,0
BRDA:674,66,0,0
BRDA:674,66,1,0
BRDA:804,67,0,1
BRDA:804,67,1,0
BRF:136
BRH:50
end_of_record
